<?xml version="1.0" encoding="UTF-8"?>
<!-- Generated by org.testng.reporters.JUnitXMLReporter -->
<testsuite hostname="Sales" failures="0" tests="1" name="Create a package using IBM Digital Contracts Demo v. 1 workflow  borrowe with Guarantor and relationship manager:: 01" time="907.844" errors="0" timestamp="10 Dec 2018 14:23:27 GMT">
  <testcase classname="com.index.GeneralIndex" name="TC_DB_01" time="865.646"/>
</testsuite> <!-- Create a package using IBM Digital Contracts Demo v. 1 workflow  borrowe with Guarantor and relationship manager:: 01 -->
